<?xml version="1.0" encoding="UTF-8"?>
<!-- Generated by org.testng.reporters.JUnitReportReporter -->
<testsuite skipped="0" hostname="DESKTOP-CC5N3HN" name="com.orgpic.testCases.LandingPageTest" tests="6" failures="0" timestamp="2020-06-17T09:53:40 IST" time="54.611" errors="0">
  <testcase name="linkOnThepage" time="24.903" classname="com.orgpic.testCases.LandingPageTest"/>
  <testcase name="clickOnAccount" time="5.019" classname="com.orgpic.testCases.LandingPageTest"/>
  <testcase name="clickSignupButton" time="11.754" classname="com.orgpic.testCases.LandingPageTest"/>
  <testcase name="signIn" time="2.459" classname="com.orgpic.testCases.LandingPageTest"/>
  <testcase name="search" time="2.481" classname="com.orgpic.testCases.LandingPageTest"/>
  <testcase name="selectProduct" time="7.995" classname="com.orgpic.testCases.LandingPageTest"/>
</testsuite> <!-- com.orgpic.testCases.LandingPageTest -->
