<?xml version="1.0" encoding="UTF-8"?>
<!-- Generated by org.testng.reporters.JUnitReportReporter -->
<testsuite skipped="0" hostname="DESKTOP-CC5N3HN" name="com.orgpic.testCases.TestCases" tests="6" failures="0" timestamp="2020-06-17T12:12:42 IST" time="56.670" errors="0">
  <testcase name="linkOnThepage" time="24.567" classname="com.orgpic.testCases.TestCases"/>
  <testcase name="clickOnAccount" time="9.471" classname="com.orgpic.testCases.TestCases"/>
  <testcase name="clickSignupButton" time="10.320" classname="com.orgpic.testCases.TestCases"/>
  <testcase name="signIn" time="3.228" classname="com.orgpic.testCases.TestCases"/>
  <testcase name="search" time="0.618" classname="com.orgpic.testCases.TestCases"/>
  <testcase name="selectProduct" time="8.466" classname="com.orgpic.testCases.TestCases"/>
</testsuite> <!-- com.orgpic.testCases.TestCases -->
