<?xml version="1.0" encoding="UTF-8"?>
<!-- Generated by org.testng.reporters.JUnitReportReporter -->
<testsuite skipped="0" hostname="DESKTOP-CC5N3HN" name="com.orgpic.base.TestBase" tests="1" failures="0" timestamp="2020-06-10T03:40:27 IST" time="71.158" errors="0">
  <testcase name="run" time="71.158" classname="com.orgpic.base.TestBase"/>
</testsuite> <!-- com.orgpic.base.TestBase -->
